\BOOKMARK [1][-]{section.1}{Introduction}{}% 1
\BOOKMARK [2][-]{subsection.1.1}{Purpose}{section.1}% 2
\BOOKMARK [2][-]{subsection.1.2}{Project Scope}{section.1}% 3
\BOOKMARK [1][-]{section.2}{Project Overview}{}% 4
\BOOKMARK [1][-]{section.3}{System Features}{}% 5
\BOOKMARK [2][-]{subsection.3.1}{System Feature 1 - Remote On/Off Switching}{section.3}% 6
\BOOKMARK [3][-]{subsubsection*.1}{Description}{subsection.3.1}% 7
\BOOKMARK [3][-]{subsubsection*.2}{Stimulus/Response Sequences}{subsection.3.1}% 8
\BOOKMARK [3][-]{subsubsection*.3}{Functional Requirements}{subsection.3.1}% 9
\BOOKMARK [2][-]{subsection.3.2}{System Feature 2 - User Configurable Triggers}{section.3}% 10
\BOOKMARK [3][-]{subsubsection*.4}{Trigger 1 - Motion Detection}{subsection.3.2}% 11
\BOOKMARK [0][-]{subsubsubsection.3.2.0.1}{Description}{}% 12
\BOOKMARK [1][-]{subsubsection*.5}{Trigger 2 - Temperature Detection}{subsubsubsection.3.2.0.1}% 13
\BOOKMARK [2][-]{subsubsection*.6}{Trigger 3 - Light Detection}{subsubsection*.5}% 14
\BOOKMARK [3][-]{subsubsection*.7}{Trigger 4 - Time Scheduling}{subsubsection*.6}% 15
\BOOKMARK [2][-]{subsection.3.3}{System Feature 3 - Power Consumption Monitoring}{subsubsection*.5}% 16
\BOOKMARK [2][-]{subsection.3.4}{System Feature 4 - Energy Source Management}{subsubsection*.5}% 17
\BOOKMARK [2][-]{subsection.3.5}{System Feature 5 - Human Behavioural Analysis}{subsubsection*.5}% 18
\BOOKMARK [2][-]{subsection.3.6}{System Feature 6 - User Configurable Alerts}{subsubsection*.5}% 19
\BOOKMARK [2][-]{subsection.3.7}{System Feature 7 - }{subsubsection*.5}% 20
\BOOKMARK [1][-]{section.4}{External Interface Requirements}{subsubsubsection.3.2.0.1}% 21
\BOOKMARK [1][-]{section.5}{Other Non-Functional Requirements}{subsubsubsection.3.2.0.1}% 22
\BOOKMARK [2][-]{subsection.5.1}{Performance Requirements}{section.5}% 23
\BOOKMARK [2][-]{subsection.5.2}{Safety Requirements}{section.5}% 24
\BOOKMARK [2][-]{subsection.5.3}{Security Requirements}{section.5}% 25
\BOOKMARK [2][-]{subsection.5.4}{Software Quality Attributes}{section.5}% 26
